<?xml version="1.0" encoding="UTF-8"?>
<!-- Generated by org.testng.reporters.JUnitReportReporter -->
<testsuite name="qsp.DemoA" tests="1" time="8.406" ignored="0" failures="0" timestamp="04 Feb 2018 10:47:27 GMT" skipped="0" hostname="CBT-LAB-018" errors="0">
  <testcase name="TestA" time="8.406" classname="qsp.DemoA"/>
</testsuite> <!-- qsp.DemoA -->
