<?xml version="1.0" encoding="UTF-8"?>
<!-- Generated by org.testng.reporters.JUnitReportReporter -->
<testsuite name="qsp.DemoA" tests="1" time="5.839" ignored="0" failures="0" timestamp="03 Feb 2018 10:38:52 GMT" skipped="0" hostname="CBT-LAB-018" errors="0">
  <testcase name="TestA" time="5.839" classname="qsp.DemoA"/>
</testsuite> <!-- qsp.DemoA -->
